<?xml version="1.0" encoding="UTF-8"?>
<!-- Generated by org.testng.reporters.JUnitReportReporter -->
<testsuite hostname="JAGADEESH" failures="0" tests="1" name="learning.framework.testCases.Tc_AddCust_003" time="48.740" errors="0" timestamp="2023-07-11T15:47:16 IST" skipped="0">
  <testcase classname="learning.framework.testCases.Tc_AddCust_003" name="addCustomer" time="48.740"/>
</testsuite> <!-- learning.framework.testCases.Tc_AddCust_003 -->
