<?xml version="1.0" encoding="UTF-8"?>
<!-- Generated by org.testng.reporters.JUnitReportReporter -->
<testsuite hostname="JAGADEESH" failures="0" tests="1" name="learning.framework.testCases.Tc_LoginTest_001" time="2.239" errors="0" timestamp="2023-07-08T12:16:42 IST" skipped="0">
  <testcase classname="learning.framework.testCases.Tc_LoginTest_001" name="loginTest" time="2.239"/>
</testsuite> <!-- learning.framework.testCases.Tc_LoginTest_001 -->
